2025-04-07 10:01:40.984 | pid 26476 | HackBGRT installer version: v2.5.1
2025-04-07 10:01:40.992 | pid 26476 | Args: 
2025-04-07 10:01:41.058 | pid 26476 | Your OS uses arch=x64. This will be checked again during installation.
2025-04-07 10:01:41.059 | pid 26476 | 
2025-04-07 10:01:41.062 | pid 26476 | Choose action (press a key):
2025-04-07 10:01:41.064 | pid 26476 |  I = install
2025-04-07 10:01:41.065 | pid 26476 |      - creates a new EFI boot entry for HackBGRT
2025-04-07 10:01:41.066 | pid 26476 |  J = install (alternative)
2025-04-07 10:01:41.069 | pid 26476 |      - creates a new EFI boot entry with an alternative method
2025-04-07 10:01:41.074 | pid 26476 |      - try this if the first option doesn't work
2025-04-07 10:01:41.079 | pid 26476 |  O = install (legacy)
2025-04-07 10:01:41.085 | pid 26476 |      - overwrites the MS boot loader; gets removed by Windows updates
2025-04-07 10:01:41.086 | pid 26476 |      - use as last resort; may brick your system if configured incorrectly
2025-04-07 10:01:41.090 | pid 26476 |  F = install files only
2025-04-07 10:01:41.093 | pid 26476 |      - ok for updating config, doesn't touch boot entries
2025-04-07 10:01:41.095 | pid 26476 |  D = disable
2025-04-07 10:01:41.099 | pid 26476 |      - removes created entries, restores MS boot loader
2025-04-07 10:01:41.101 | pid 26476 |  R = remove completely
2025-04-07 10:01:41.103 | pid 26476 |      - disables, then deletes all files and images
2025-04-07 10:01:41.105 | pid 26476 |  B = boot to UEFI setup
2025-04-07 10:01:41.107 | pid 26476 |      - lets you disable Secure Boot
2025-04-07 10:01:41.111 | pid 26476 |      - lets you move HackBGRT before Windows in boot order
2025-04-07 10:01:41.113 | pid 26476 |  L = show boot log (what HackBGRT did during boot)
2025-04-07 10:01:41.114 | pid 26476 |  C = cancel
2025-04-07 10:01:45.332 | pid 26476 | User input: F
2025-04-07 10:01:45.334 | pid 26476 | 
2025-04-07 10:01:45.339 | pid 26476 | This setup program lets you edit just one image.
2025-04-07 10:01:45.342 | pid 26476 | Edit config.txt manually for advanced configuration.
2025-04-07 10:01:45.344 | pid 26476 | Draw or copy your preferred image to splash.bmp.
2025-04-07 10:01:45.348 | pid 26476 | StartProcess: mspaint splash.bmp
2025-04-07 10:01:45.394 | pid 26476 | StartProcess failed: System.ComponentModel.Win32Exception (0x80004005): The system cannot find the file specified
2025-04-07 10:01:45.394 | pid 26476 |    at System.Diagnostics.Process.StartWithCreateProcess(ProcessStartInfo startInfo)
2025-04-07 10:01:45.394 | pid 26476 |    at System.Diagnostics.Process.Start(ProcessStartInfo startInfo)
2025-04-07 10:01:45.394 | pid 26476 |    at Setup.StartProcess(String app, String args)
2025-04-07 10:01:45.396 | pid 26476 | Editing splash.bmp with mspaint failed!
2025-04-07 10:01:45.399 | pid 26476 | Edit splash.bmp with your preferred editor.
2025-04-07 10:01:45.403 | pid 26476 | Press any key to continue.
2025-04-07 10:01:47.626 | pid 26476 | 
2025-04-07 10:01:47.632 | pid 26476 | RunPrivilegedActions: disable-overwrite install
2025-04-07 10:01:47.636 | pid 26476 | RunElevated: C:\Users\Marcin\Desktop\win10-to-win7-transformation-pack\HackBGRT 2.5.1 (Use with caution!)\setup.exe is-elevated  disable-overwrite install
2025-04-07 10:01:49.558 | pid 22468 | HackBGRT installer version: v2.5.1
2025-04-07 10:01:49.563 | pid 22468 | Args: is-elevated disable-overwrite install
2025-04-07 10:01:49.568 | pid 22468 | Your OS uses arch=x64. This will be checked again during installation.
2025-04-07 10:01:49.572 | pid 22468 | RunPrivilegedActions: disable-overwrite install
2025-04-07 10:01:49.574 | pid 22468 | Esp.Find()
2025-04-07 10:01:49.578 | pid 22468 | Execute: mountvol 
2025-04-07 10:01:49.625 | pid 22468 | Exit code: 0, output:
2025-04-07 10:01:49.625 | pid 22468 | Creates, deletes, or lists a volume mount point.
2025-04-07 10:01:49.625 | pid 22468 | 
2025-04-07 10:01:49.625 | pid 22468 | MOUNTVOL [drive:]path VolumeName
2025-04-07 10:01:49.625 | pid 22468 | MOUNTVOL [drive:]path /D
2025-04-07 10:01:49.625 | pid 22468 | MOUNTVOL [drive:]path /L
2025-04-07 10:01:49.625 | pid 22468 | MOUNTVOL [drive:]path /P
2025-04-07 10:01:49.625 | pid 22468 | MOUNTVOL /R
2025-04-07 10:01:49.625 | pid 22468 | MOUNTVOL /N
2025-04-07 10:01:49.625 | pid 22468 | MOUNTVOL /E
2025-04-07 10:01:49.625 | pid 22468 | MOUNTVOL drive: /S
2025-04-07 10:01:49.625 | pid 22468 | 
2025-04-07 10:01:49.625 | pid 22468 |     path        Specifies the existing NTFS directory where the mount
2025-04-07 10:01:49.625 | pid 22468 |                 point will reside.
2025-04-07 10:01:49.625 | pid 22468 |     VolumeName  Specifies the volume name that is the target of the mount
2025-04-07 10:01:49.625 | pid 22468 |                 point.
2025-04-07 10:01:49.625 | pid 22468 |     /D          Removes the volume mount point from the specified directory.
2025-04-07 10:01:49.625 | pid 22468 |     /L          Lists the mounted volume name for the specified directory.
2025-04-07 10:01:49.625 | pid 22468 |     /P          Removes the volume mount point from the specified directory,
2025-04-07 10:01:49.625 | pid 22468 |                 dismounts the volume, and makes the volume not mountable.
2025-04-07 10:01:49.625 | pid 22468 |                 You can make the volume mountable again by creating a volume
2025-04-07 10:01:49.625 | pid 22468 |                 mount point.
2025-04-07 10:01:49.625 | pid 22468 |     /R          Removes volume mount point directories and registry settings
2025-04-07 10:01:49.625 | pid 22468 |                 for volumes that are no longer in the system.
2025-04-07 10:01:49.625 | pid 22468 |     /N          Disables automatic mounting of new volumes.
2025-04-07 10:01:49.625 | pid 22468 |     /E          Re-enables automatic mounting of new volumes.
2025-04-07 10:01:49.625 | pid 22468 |     /S          Mount the EFI System Partition on the given drive.
2025-04-07 10:01:49.625 | pid 22468 | 
2025-04-07 10:01:49.625 | pid 22468 | Possible values for VolumeName along with current mount points are:
2025-04-07 10:01:49.625 | pid 22468 | 
2025-04-07 10:01:49.625 | pid 22468 |     \\?\Volume{d9a398c2-b7fb-4571-b7b9-774b22484367}\
2025-04-07 10:01:49.625 | pid 22468 |         C:\
2025-04-07 10:01:49.625 | pid 22468 | 
2025-04-07 10:01:49.625 | pid 22468 |     \\?\Volume{f2fe87ba-b691-44ec-b111-bbba9cbfcaa6}\
2025-04-07 10:01:49.625 | pid 22468 |         *** NO MOUNT POINTS ***
2025-04-07 10:01:49.625 | pid 22468 | 
2025-04-07 10:01:49.625 | pid 22468 |     \\?\Volume{7f70bd48-4f3b-4212-9550-dfd8854e8a70}\
2025-04-07 10:01:49.625 | pid 22468 |         *** NO MOUNT POINTS ***
2025-04-07 10:01:49.625 | pid 22468 | 
2025-04-07 10:01:49.625 | pid 22468 | 
2025-04-07 10:01:49.625 | pid 22468 | 
2025-04-07 10:01:49.625 | pid 22468 | 
2025-04-07 10:01:49.628 | pid 22468 | Esp.Find: no match
2025-04-07 10:01:49.631 | pid 22468 | Esp.Find: not found
2025-04-07 10:01:49.634 | pid 22468 | Esp.Mount: A
2025-04-07 10:01:49.636 | pid 22468 | Execute: mountvol A: /S
2025-04-07 10:01:49.673 | pid 22468 | Exit code: 0, output:
2025-04-07 10:01:49.673 | pid 22468 | 
2025-04-07 10:01:49.673 | pid 22468 | 
2025-04-07 10:01:49.673 | pid 22468 | 
2025-04-07 10:01:49.673 | pid 22468 | Esp.TryPath: A:\ has MS boot loader
2025-04-07 10:01:49.676 | pid 22468 | EFI System Partition location is A:\
2025-04-07 10:01:49.687 | pid 22468 | Detected arch=x64 from MS boot loader, the installer will use that.
2025-04-07 10:01:49.694 | pid 22468 | 
2025-04-07 10:01:49.694 | pid 22468 | --- BOOT LOG START ---
2025-04-07 10:01:49.694 | pid 22468 | Log is empty.
2025-04-07 10:01:49.694 | pid 22468 | --- BOOT LOG END ---
2025-04-07 10:01:49.695 | pid 22468 | LogBGRT: 56 bytes: 42 47 52 54 38 00 00 00 01 D5 44 45 4C 4C 20 20 44 65 6C 6C 20 49 6E 63 02 00 00 00 20 20 20 20 13 00 00 01 01 00 01 00 18 C0 B2 57 00 00 00 00 67 03 00 00 C3 01 00 00
2025-04-07 10:01:49.722 | pid 22468 | LogEntries: BootOrder Guid={8be4df61-93ca-11d2-aa0d-00e098032b8c} Attributes=7 Text='    ' Bytes='02 00 00 00'
2025-04-07 10:01:49.722 | pid 22468 | LogEntries: BootCurrent Guid={8be4df61-93ca-11d2-aa0d-00e098032b8c} Attributes=6 Text='  ' Bytes='02 00'
2025-04-07 10:01:49.758 | pid 22468 | LogEntries: Boot0002 Guid={8be4df61-93ca-11d2-aa0d-00e098032b8c} Attributes=7 Text='    t W i n d o w s   B o o t   M a n a g e r     *                     H p;O B P   N p    F \ E F I \ M i c r o s o f t \ B o o t \ b o o t m g f w . e f i      WINDOWS         x   B C D O B J E C T = { 9 d e a 8 6 2 c - 5 c d d - 4 e 7 0 - a c c 1 - f 3 2 b 3 4 4 d 4 7 9 5 }                    ' Bytes='01 00 00 00 74 00 57 00 69 00 6E 00 64 00 6F 00 77 00 73 00 20 00 42 00 6F 00 6F 00 74 00 20 00 4D 00 61 00 6E 00 61 00 67 00 65 00 72 00 00 00 04 01 2A 00 01 00 00 00 00 08 00 00 00 00 00 00 00 20 03 00 00 00 00 00 48 BD 70 7F 3B 4F 12 42 95 50 DF D8 85 4E 8A 70 02 02 04 04 46 00 5C 00 45 00 46 00 49 00 5C 00 4D 00 69 00 63 00 72 00 6F 00 73 00 6F 00 66 00 74 00 5C 00 42 00 6F 00 6F 00 74 00 5C 00 62 00 6F 00 6F 00 74 00 6D 00 67 00 66 00 77 00 2E 00 65 00 66 00 69 00 00 00 7F FF 04 00 57 49 4E 44 4F 57 53 00 01 00 00 00 88 00 00 00 78 00 00 00 42 00 43 00 44 00 4F 00 42 00 4A 00 45 00 43 00 54 00 3D 00 7B 00 39 00 64 00 65 00 61 00 38 00 36 00 32 00 63 00 2D 00 35 00 63 00 64 00 64 00 2D 00 34 00 65 00 37 00 30 00 2D 00 61 00 63 00 63 00 31 00 2D 00 66 00 33 00 32 00 62 00 33 00 34 00 34 00 64 00 34 00 37 00 39 00 35 00 7D 00 00 00 00 05 01 00 00 00 10 00 00 00 04 00 00 00 7F FF 04 00'
2025-04-07 10:01:49.758 | pid 22468 | LogEntries: Boot0000 Guid={8be4df61-93ca-11d2-aa0d-00e098032b8c} Attributes=7 Text='    ^ U E F I   B C 7 1 1   N V M e   S K   h y n i x   1 T B   F N B 6 N 7 3 9 6 1 0 3 0 6 S 1 0   1     *                     H p;O B P   N p    0 \ E F I \ B o o t \ B o o t X 6 4 . e f i      N     YM    R,Y ' Bytes='01 00 00 00 5E 00 55 00 45 00 46 00 49 00 20 00 42 00 43 00 37 00 31 00 31 00 20 00 4E 00 56 00 4D 00 65 00 20 00 53 00 4B 00 20 00 68 00 79 00 6E 00 69 00 78 00 20 00 31 00 54 00 42 00 20 00 46 00 4E 00 42 00 36 00 4E 00 37 00 33 00 39 00 36 00 31 00 30 00 33 00 30 00 36 00 53 00 31 00 30 00 20 00 31 00 00 00 04 01 2A 00 01 00 00 00 00 08 00 00 00 00 00 00 00 20 03 00 00 00 00 00 48 BD 70 7F 3B 4F 12 42 95 50 DF D8 85 4E 8A 70 02 02 04 04 30 00 5C 00 45 00 46 00 49 00 5C 00 42 00 6F 00 6F 00 74 00 5C 00 42 00 6F 00 6F 00 74 00 58 00 36 00 34 00 2E 00 65 00 66 00 69 00 00 00 7F FF 04 00 4E AC 08 81 11 9F 59 4D 85 0E E2 1A 52 2C 59 B2'
2025-04-07 10:01:50.112 | pid 22468 | Boot time = 17/03/2025 15:26:36, config.txt changed = 18/08/2024 08:40:24
2025-04-07 10:01:50.113 | pid 22468 | You may have to disable Fast Startup (Hiberboot) to reboot properly.
2025-04-07 10:01:50.118 | pid 22468 | Running action 'disable-overwrite'.
2025-04-07 10:01:50.459 | pid 22468 | DetectLoader failed: A:\EFI\HackBGRT\bootmgfw-original.efi not found
2025-04-07 10:01:50.460 | pid 22468 | Completed action 'disable-overwrite' successfully.
2025-04-07 10:01:50.464 | pid 22468 | Running action 'install'.
2025-04-07 10:01:50.474 | pid 22468 | Installed config.txt to A:\EFI\HackBGRT\config.txt.
2025-04-07 10:01:50.477 | pid 22468 | config.txt:
2025-04-07 10:01:50.477 | pid 22468 | # vim: set fileencoding=utf-8
2025-04-07 10:01:50.477 | pid 22468 | # The same options may be given also as command line parameters in the EFI Shell, which is useful for debugging.
2025-04-07 10:01:50.477 | pid 22468 | 
2025-04-07 10:01:50.477 | pid 22468 | # Boot loader path. MS = either backup or original Windows boot loader.
2025-04-07 10:01:50.477 | pid 22468 | boot=MS
2025-04-07 10:01:50.477 | pid 22468 | 
2025-04-07 10:01:50.477 | pid 22468 | # The image is specified with an image line.
2025-04-07 10:01:50.477 | pid 22468 | # Multiple image lines may be present, in which case one will be picked by random.
2025-04-07 10:01:50.477 | pid 22468 | # The image line may contain the following parts:
2025-04-07 10:01:50.477 | pid 22468 | # Any of the following:
2025-04-07 10:01:50.477 | pid 22468 | #  - "n=(number)", a weight for this image in the randomization process. Default: n=1.
2025-04-07 10:01:50.477 | pid 22468 | #  - "x=(number)" or "x=keep", the x offset from the center. Default: x=0.
2025-04-07 10:01:50.477 | pid 22468 | #  - "y=(number)" or "y=keep", the y offset from the center. Default: y=0.
2025-04-07 10:01:50.477 | pid 22468 | #  - "o=(0|90|180|270|keep)", the screen orientation, degrees anticlockwise. Default: o=keep.
2025-04-07 10:01:50.477 | pid 22468 | # One of the following:
2025-04-07 10:01:50.477 | pid 22468 | #  - "keep" to keep the firmware logo. Also keeps coordinates by default.
2025-04-07 10:01:50.477 | pid 22468 | #  - "remove" to remove the BGRT. Makes x and y meaningless.
2025-04-07 10:01:50.477 | pid 22468 | #  - "black" to use only a black image. Makes x and y meaningless.
2025-04-07 10:01:50.477 | pid 22468 | #  - "path=file.bmp" to read an image file.
2025-04-07 10:01:50.477 | pid 22468 | #    * NOTE: The installer can copy and convert BMP, PNG, JPEG, GIF.
2025-04-07 10:01:50.477 | pid 22468 | # Examples:
2025-04-07 10:01:50.477 | pid 22468 | #  - image=remove
2025-04-07 10:01:50.477 | pid 22468 | #  - image=black
2025-04-07 10:01:50.477 | pid 22468 | #  - image= x=0 y=-200 path=topimage.bmp
2025-04-07 10:01:50.477 | pid 22468 | #  - image= n=1 o=90 path=sideways.bmp
2025-04-07 10:01:50.477 | pid 22468 | #  - image= n=50 y=999999 o=keep path=probable.bmp
2025-04-07 10:01:50.477 | pid 22468 | # The above examples together would produce
2025-04-07 10:01:50.477 | pid 22468 | #  - 1/54 chance for the default OS logo
2025-04-07 10:01:50.477 | pid 22468 | #  - 1/54 chance for black screen
2025-04-07 10:01:50.477 | pid 22468 | #  - 1/54 chance for topimage.bmp, 200 px above the center of the screen
2025-04-07 10:01:50.477 | pid 22468 | #  - 1/54 chance for splash.bmp, centered, orientation set to 90 degrees
2025-04-07 10:01:50.477 | pid 22468 | #  - 50/54 chance for probable.bmp, at the bottom edge, explicitly default orientation
2025-04-07 10:01:50.477 | pid 22468 | # Default: just one image.
2025-04-07 10:01:50.477 | pid 22468 | image= y=-200 path=splash.bmp
2025-04-07 10:01:50.477 | pid 22468 | 
2025-04-07 10:01:50.477 | pid 22468 | # Preferred resolution. Use 0x0 for maximum and -1x-1 for original.
2025-04-07 10:01:50.477 | pid 22468 | resolution=0x0
2025-04-07 10:01:50.477 | pid 22468 | 
2025-04-07 10:01:50.477 | pid 22468 | # Logging (0 for disabled, 1 for enabled).
2025-04-07 10:01:50.477 | pid 22468 | # When logging is enabled, setup.exe can show debug information about the current boot.
2025-04-07 10:01:50.477 | pid 22468 | # The log might occupy a few kilobytes of RAM.
2025-04-07 10:01:50.477 | pid 22468 | log=1
2025-04-07 10:01:50.477 | pid 22468 | 
2025-04-07 10:01:50.477 | pid 22468 | # Debug mode (0 for disabled, 1 for enabled).
2025-04-07 10:01:50.477 | pid 22468 | # Shows debug information and prompts for keypress before booting.
2025-04-07 10:01:50.477 | pid 22468 | debug=0
2025-04-07 10:01:50.498 | pid 22468 | InstallImageFile: splash.bmp
2025-04-07 10:01:50.521 | pid 22468 | Installed image splash.bmp to A:\EFI\HackBGRT\splash.bmp, size 256x128.
2025-04-07 10:01:50.533 | pid 22468 | Installed shim-signed\shimx64.efi to A:\EFI\HackBGRT\loader.efi.
2025-04-07 10:01:50.542 | pid 22468 | Installed shim-signed\mmx64.efi to A:\EFI\HackBGRT\mmx64.efi.
2025-04-07 10:01:50.547 | pid 22468 | Installed efi-signed\bootx64.efi to A:\EFI\HackBGRT\䥗䑎坏SX.
2025-04-07 10:01:50.551 | pid 22468 | Installed efi-signed\bootx64.efi to A:\EFI\HackBGRT\grubx64.efi.
2025-04-07 10:01:50.554 | pid 22468 | Installed certificate.cer to A:\EFI\HackBGRT\certificate.cer.
2025-04-07 10:01:50.556 | pid 22468 | HackBGRT has been copied to A:\EFI\HackBGRT.
2025-04-07 10:01:50.559 | pid 22468 | On first boot, select 'Enroll hash from disk' and enroll EFI\HackBGRT\grubx64.efi.
2025-04-07 10:01:50.563 | pid 22468 | Alternatively, select 'Enroll key from disk' and enroll EFI\HackBGRT\certificate.cer.
2025-04-07 10:01:50.566 | pid 22468 | Completed action 'install' successfully.
2025-04-07 10:01:50.571 | pid 22468 | If you need to report a bug,
2025-04-07 10:01:50.571 | pid 22468 |  - run this setup again with menu option L (show-boot-log)
2025-04-07 10:01:50.571 | pid 22468 |  - then include the setup.log file with your report.
2025-04-07 10:01:50.574 | pid 22468 | Press any key to quit.
2025-04-07 10:01:51.779 | pid 22468 | Execute: mountvol A:\ /D
2025-04-07 10:01:51.826 | pid 22468 | Exit code: 0, output:
2025-04-07 10:01:51.826 | pid 22468 | 
2025-04-07 10:01:51.826 | pid 22468 | 
2025-04-07 10:01:51.826 | pid 22468 | 
2025-04-07 10:01:51.849 | pid 26476 | Privileged action (disable-overwrite install) completed.
2025-04-07 10:01:51.850 | pid 26476 | 
2025-04-07 10:01:51.855 | pid 26476 | All done!
2025-04-07 10:01:51.860 | pid 26476 | If you need to report a bug,
2025-04-07 10:01:51.860 | pid 26476 |  - run this setup again with menu option L (show-boot-log)
2025-04-07 10:01:51.860 | pid 26476 |  - then include the setup.log file with your report.
2025-04-07 10:01:51.865 | pid 26476 | Press any key to quit.
